Determining if the pthread_create exist failed with the following output:
Change Dir: /home/rain/ydlidar_ws/build/CMakeFiles/CMakeTmp

Run Build Command:"/usr/bin/make" "cmTC_07fb5/fast"
/usr/bin/make -f CMakeFiles/cmTC_07fb5.dir/build.make CMakeFiles/cmTC_07fb5.dir/build
make[1]: Entering directory '/home/rain/ydlidar_ws/build/CMakeFiles/CMakeTmp'
Building C object CMakeFiles/cmTC_07fb5.dir/CheckSymbolExists.c.o
/usr/bin/cc     -o CMakeFiles/cmTC_07fb5.dir/CheckSymbolExists.c.o   -c /home/rain/ydlidar_ws/build/CMakeFiles/CMakeTmp/CheckSymbolExists.c
Linking C executable cmTC_07fb5
/usr/bin/cmake -E cmake_link_script CMakeFiles/cmTC_07fb5.dir/link.txt --verbose=1
/usr/bin/cc       CMakeFiles/cmTC_07fb5.dir/CheckSymbolExists.c.o  -o cmTC_07fb5 -rdynamic 
CMakeFiles/cmTC_07fb5.dir/CheckSymbolExists.c.o：在函数‘main’中：
CheckSymbolExists.c:(.text+0x16)：对‘pthread_create’未定义的引用
collect2: error: ld returned 1 exit status
CMakeFiles/cmTC_07fb5.dir/build.make:97: recipe for target 'cmTC_07fb5' failed
make[1]: *** [cmTC_07fb5] Error 1
make[1]: Leaving directory '/home/rain/ydlidar_ws/build/CMakeFiles/CMakeTmp'
Makefile:126: recipe for target 'cmTC_07fb5/fast' failed
make: *** [cmTC_07fb5/fast] Error 2

File /home/rain/ydlidar_ws/build/CMakeFiles/CMakeTmp/CheckSymbolExists.c:
/* */
#include <pthread.h>

int main(int argc, char** argv)
{
  (void)argv;
#ifndef pthread_create
  return ((int*)(&pthread_create))[argc];
#else
  (void)argc;
  return 0;
#endif
}

Determining if the function pthread_create exists in the pthreads failed with the following output:
Change Dir: /home/rain/ydlidar_ws/build/CMakeFiles/CMakeTmp

Run Build Command:"/usr/bin/make" "cmTC_9beb6/fast"
/usr/bin/make -f CMakeFiles/cmTC_9beb6.dir/build.make CMakeFiles/cmTC_9beb6.dir/build
make[1]: Entering directory '/home/rain/ydlidar_ws/build/CMakeFiles/CMakeTmp'
Building C object CMakeFiles/cmTC_9beb6.dir/CheckFunctionExists.c.o
/usr/bin/cc    -DCHECK_FUNCTION_EXISTS=pthread_create   -o CMakeFiles/cmTC_9beb6.dir/CheckFunctionExists.c.o   -c /usr/share/cmake-3.5/Modules/CheckFunctionExists.c
Linking C executable cmTC_9beb6
/usr/bin/cmake -E cmake_link_script CMakeFiles/cmTC_9beb6.dir/link.txt --verbose=1
/usr/bin/cc   -DCHECK_FUNCTION_EXISTS=pthread_create    CMakeFiles/cmTC_9beb6.dir/CheckFunctionExists.c.o  -o cmTC_9beb6 -rdynamic -lpthreads 
/usr/bin/ld: 找不到 -lpthreads
collect2: error: ld returned 1 exit status
CMakeFiles/cmTC_9beb6.dir/build.make:97: recipe for target 'cmTC_9beb6' failed
make[1]: *** [cmTC_9beb6] Error 1
make[1]: Leaving directory '/home/rain/ydlidar_ws/build/CMakeFiles/CMakeTmp'
Makefile:126: recipe for target 'cmTC_9beb6/fast' failed
make: *** [cmTC_9beb6/fast] Error 2


Determining if the Q_WS_WIN exist failed with the following output:
Change Dir: /home/rain/ydlidar_ws/build/CMakeFiles/CMakeTmp

Run Build Command:"/usr/bin/make" "cmTC_5dad4/fast"
/usr/bin/make -f CMakeFiles/cmTC_5dad4.dir/build.make CMakeFiles/cmTC_5dad4.dir/build
make[1]: Entering directory '/home/rain/ydlidar_ws/build/CMakeFiles/CMakeTmp'
Building CXX object CMakeFiles/cmTC_5dad4.dir/CheckSymbolExists.cxx.o
/usr/bin/c++    -I/usr/include/qt4   -o CMakeFiles/cmTC_5dad4.dir/CheckSymbolExists.cxx.o -c /home/rain/ydlidar_ws/build/CMakeFiles/CMakeTmp/CheckSymbolExists.cxx
/home/rain/ydlidar_ws/build/CMakeFiles/CMakeTmp/CheckSymbolExists.cxx: In function ‘int main(int, char**)’:
/home/rain/ydlidar_ws/build/CMakeFiles/CMakeTmp/CheckSymbolExists.cxx:8:19: error: ‘Q_WS_WIN’ was not declared in this scope
   return ((int*)(&Q_WS_WIN))[argc];
                   ^
CMakeFiles/cmTC_5dad4.dir/build.make:65: recipe for target 'CMakeFiles/cmTC_5dad4.dir/CheckSymbolExists.cxx.o' failed
make[1]: *** [CMakeFiles/cmTC_5dad4.dir/CheckSymbolExists.cxx.o] Error 1
make[1]: Leaving directory '/home/rain/ydlidar_ws/build/CMakeFiles/CMakeTmp'
Makefile:126: recipe for target 'cmTC_5dad4/fast' failed
make: *** [cmTC_5dad4/fast] Error 2

File /home/rain/ydlidar_ws/build/CMakeFiles/CMakeTmp/CheckSymbolExists.cxx:
/* */
#include <QtCore/qglobal.h>

int main(int argc, char** argv)
{
  (void)argv;
#ifndef Q_WS_WIN
  return ((int*)(&Q_WS_WIN))[argc];
#else
  (void)argc;
  return 0;
#endif
}

Determining if the Q_WS_QWS exist failed with the following output:
Change Dir: /home/rain/ydlidar_ws/build/CMakeFiles/CMakeTmp

Run Build Command:"/usr/bin/make" "cmTC_6c80b/fast"
/usr/bin/make -f CMakeFiles/cmTC_6c80b.dir/build.make CMakeFiles/cmTC_6c80b.dir/build
make[1]: Entering directory '/home/rain/ydlidar_ws/build/CMakeFiles/CMakeTmp'
Building CXX object CMakeFiles/cmTC_6c80b.dir/CheckSymbolExists.cxx.o
/usr/bin/c++    -I/usr/include/qt4   -o CMakeFiles/cmTC_6c80b.dir/CheckSymbolExists.cxx.o -c /home/rain/ydlidar_ws/build/CMakeFiles/CMakeTmp/CheckSymbolExists.cxx
/home/rain/ydlidar_ws/build/CMakeFiles/CMakeTmp/CheckSymbolExists.cxx: In function ‘int main(int, char**)’:
/home/rain/ydlidar_ws/build/CMakeFiles/CMakeTmp/CheckSymbolExists.cxx:8:19: error: ‘Q_WS_QWS’ was not declared in this scope
   return ((int*)(&Q_WS_QWS))[argc];
                   ^
CMakeFiles/cmTC_6c80b.dir/build.make:65: recipe for target 'CMakeFiles/cmTC_6c80b.dir/CheckSymbolExists.cxx.o' failed
make[1]: *** [CMakeFiles/cmTC_6c80b.dir/CheckSymbolExists.cxx.o] Error 1
make[1]: Leaving directory '/home/rain/ydlidar_ws/build/CMakeFiles/CMakeTmp'
Makefile:126: recipe for target 'cmTC_6c80b/fast' failed
make: *** [cmTC_6c80b/fast] Error 2

File /home/rain/ydlidar_ws/build/CMakeFiles/CMakeTmp/CheckSymbolExists.cxx:
/* */
#include <QtCore/qglobal.h>

int main(int argc, char** argv)
{
  (void)argv;
#ifndef Q_WS_QWS
  return ((int*)(&Q_WS_QWS))[argc];
#else
  (void)argc;
  return 0;
#endif
}

Determining if the Q_WS_MAC exist failed with the following output:
Change Dir: /home/rain/ydlidar_ws/build/CMakeFiles/CMakeTmp

Run Build Command:"/usr/bin/make" "cmTC_9d0fa/fast"
/usr/bin/make -f CMakeFiles/cmTC_9d0fa.dir/build.make CMakeFiles/cmTC_9d0fa.dir/build
make[1]: Entering directory '/home/rain/ydlidar_ws/build/CMakeFiles/CMakeTmp'
Building CXX object CMakeFiles/cmTC_9d0fa.dir/CheckSymbolExists.cxx.o
/usr/bin/c++    -I/usr/include/qt4   -o CMakeFiles/cmTC_9d0fa.dir/CheckSymbolExists.cxx.o -c /home/rain/ydlidar_ws/build/CMakeFiles/CMakeTmp/CheckSymbolExists.cxx
/home/rain/ydlidar_ws/build/CMakeFiles/CMakeTmp/CheckSymbolExists.cxx: In function ‘int main(int, char**)’:
/home/rain/ydlidar_ws/build/CMakeFiles/CMakeTmp/CheckSymbolExists.cxx:8:19: error: ‘Q_WS_MAC’ was not declared in this scope
   return ((int*)(&Q_WS_MAC))[argc];
                   ^
CMakeFiles/cmTC_9d0fa.dir/build.make:65: recipe for target 'CMakeFiles/cmTC_9d0fa.dir/CheckSymbolExists.cxx.o' failed
make[1]: *** [CMakeFiles/cmTC_9d0fa.dir/CheckSymbolExists.cxx.o] Error 1
make[1]: Leaving directory '/home/rain/ydlidar_ws/build/CMakeFiles/CMakeTmp'
Makefile:126: recipe for target 'cmTC_9d0fa/fast' failed
make: *** [cmTC_9d0fa/fast] Error 2

File /home/rain/ydlidar_ws/build/CMakeFiles/CMakeTmp/CheckSymbolExists.cxx:
/* */
#include <QtCore/qglobal.h>

int main(int argc, char** argv)
{
  (void)argv;
#ifndef Q_WS_MAC
  return ((int*)(&Q_WS_MAC))[argc];
#else
  (void)argc;
  return 0;
#endif
}

Determining if the function strubded exists failed with the following output:
Change Dir: /home/rain/ydlidar_ws/build/CMakeFiles/CMakeTmp

Run Build Command:"/usr/bin/make" "cmTC_78990/fast"
make[1]: Entering directory '/home/rain/ydlidar_ws/build/CMakeFiles/CMakeTmp'
/usr/bin/make -f CMakeFiles/cmTC_78990.dir/build.make CMakeFiles/cmTC_78990.dir/build
make[2]: Entering directory '/home/rain/ydlidar_ws/build/CMakeFiles/CMakeTmp'
Building C object CMakeFiles/cmTC_78990.dir/CheckFunctionExists.c.o
/usr/bin/cc    -I/usr/include  -I/usr/include/cairo -std=c99 -fPIC -ggdb -Wall -DCHECK_FUNCTION_EXISTS=strubded   -o CMakeFiles/cmTC_78990.dir/CheckFunctionExists.c.o   -c /usr/share/cmake-3.5/Modules/CheckFunctionExists.c
Linking C executable cmTC_78990
/usr/bin/cmake -E cmake_link_script CMakeFiles/cmTC_78990.dir/link.txt --verbose=1
/usr/bin/cc    -I/usr/include  -I/usr/include/cairo -std=c99 -fPIC -ggdb -Wall -DCHECK_FUNCTION_EXISTS=strubded    CMakeFiles/cmTC_78990.dir/CheckFunctionExists.c.o  -o cmTC_78990 -rdynamic 
CMakeFiles/cmTC_78990.dir/CheckFunctionExists.c.o：在函数‘main’中：
/usr/share/cmake-3.5/Modules/CheckFunctionExists.c:14：对‘strubded’未定义的引用
collect2: error: ld returned 1 exit status
CMakeFiles/cmTC_78990.dir/build.make:97: recipe for target 'cmTC_78990' failed
make[2]: *** [cmTC_78990] Error 1
make[2]: Leaving directory '/home/rain/ydlidar_ws/build/CMakeFiles/CMakeTmp'
Makefile:126: recipe for target 'cmTC_78990/fast' failed
make[1]: *** [cmTC_78990/fast] Error 2
make[1]: Leaving directory '/home/rain/ydlidar_ws/build/CMakeFiles/CMakeTmp'


